<?xml version="1.0" encoding="UTF-8"?>
<!-- Generated by org.testng.reporters.JUnitReportReporter -->
<testsuite name="runner.TestNGTest" tests="1" time="22.649" ignored="0" failures="0" timestamp="06 Jun 2018 03:16:03 GMT" skipped="0" hostname="LNAR-PC0AET4B" errors="0">
  <testcase name="feature" time="22.649" classname="runner.TestNGTest"/>
</testsuite> <!-- runner.TestNGTest -->
