<?xml version="1.0" encoding="UTF-8"?>
<!-- Generated by org.testng.reporters.JUnitReportReporter -->
<testsuite name="runner.TestNGRun2" tests="1" time="18.337" ignored="0" failures="0" timestamp="06 Jun 2018 03:18:19 GMT" skipped="0" hostname="LNAR-PC0AET4B" errors="0">
  <testcase name="feature" time="18.337" classname="runner.TestNGRun2"/>
</testsuite> <!-- runner.TestNGRun2 -->
